<!DOCTYPE html PUBLIC "-//W3C//DTD XHTML 1.1//EN" "http://www.w3.org/TR/xhtml11/DTD/xhtml11.dtd">
<html xmlns="http://www.w3.org/1999/xhtml"><head><title>TestNG Report</title><style type="text/css">table {margin-bottom:10px;border-collapse:collapse;empty-cells:show}th,td {border:1px solid #009;padding:.25em .5em}th {vertical-align:bottom}td {vertical-align:top}table a {font-weight:bold}.stripe td {background-color: #E6EBF9}.num {text-align:right}.passedodd td {background-color: #3F3}.passedeven td {background-color: #0A0}.skippedodd td {background-color: #DDD}.skippedeven td {background-color: #CCC}.failedodd td,.attn {background-color: #F33}.failedeven td,.stripe .attn {background-color: #D00}.stacktrace {white-space:pre;font-family:monospace}.totop {font-size:85%;text-align:center;border-bottom:2px solid #000}</style></head><body><table><tr><th>Test</th><th># Passed</th><th># Skipped</th><th># Failed</th><th>Time (ms)</th><th>Included Groups</th><th>Excluded Groups</th></tr><tr><th colspan="7">OrangeHRM</th></tr><tr><th colspan="7">AddEmpSuite</th></tr><tr><td><a href="#t0">TestFnameEmpty</a></td><td class="num">0</td><td class="num">0</td><td class="num attn">3</td><td class="num">154,072</td><td></td><td></td></tr><tr><th colspan="7">LoginSuite</th></tr><tr class="stripe"><td><a href="#t1">LoginSuiteAdmin</a></td><td class="num">0</td><td class="num">0</td><td class="num attn">4</td><td class="num">177,139</td><td></td><td></td></tr><tr><td><a href="#t2">LoginSuiteESSUser</a></td><td class="num">0</td><td class="num">0</td><td class="num attn">2</td><td class="num">67,213</td><td></td><td></td></tr><tr><th>Total</th><th class="num">0</th><th class="num">0</th><th class="num attn">9</th><th class="num">398,424</th><th colspan="2"></th></tr></table><table><thead><tr><th>Class</th><th>Method</th><th>Start</th><th>Time (ms)</th></tr></thead><tbody><tr><th colspan="4">OrangeHRM</th></tr></tbody><tbody><tr><th colspan="4">AddEmpSuite</th></tr></tbody><tbody id="t0"><tr><th colspan="4">TestFnameEmpty &#8212; failed</th></tr><tr class="failedeven"><td rowspan="3">com.ablelogix.ddf.testcases.addemp.TestFnameEmpty</td><td><a href="#m0">fnameEmpty</a></td><td rowspan="3">1463951077234</td><td rowspan="3">25780</td></tr><tr class="failedeven"><td><a href="#m1">fnameEmpty</a></td></tr><tr class="failedeven"><td><a href="#m2">fnameEmpty</a></td></tr></tbody><tbody><tr><th colspan="4">LoginSuite</th></tr></tbody><tbody id="t1"><tr><th colspan="4">LoginSuiteAdmin &#8212; failed</th></tr><tr class="failedeven"><td rowspan="4">com.ablelogix.ddf.testcases.login.LoginSuiteAdmin</td><td><a href="#m3">testLoginAdmin</a></td><td rowspan="4">1463950976818</td><td rowspan="4">4665</td></tr><tr class="failedeven"><td><a href="#m4">testLoginAdmin</a></td></tr><tr class="failedeven"><td><a href="#m5">testLoginAdmin</a></td></tr><tr class="failedeven"><td><a href="#m6">testLoginAdmin</a></td></tr></tbody><tbody id="t2"><tr><th colspan="4">LoginSuiteESSUser &#8212; failed</th></tr><tr class="failedeven"><td rowspan="2">com.ablelogix.ddf.testcases.login.LoginSuiteESSUser</td><td><a href="#m7">testLoginAdmin</a></td><td rowspan="2">1463951010383</td><td rowspan="2">4568</td></tr><tr class="failedeven"><td><a href="#m8">testLoginAdmin</a></td></tr></tbody></table><h2>TestFnameEmpty</h2><h3 id="m0">com.ablelogix.ddf.testcases.addemp.TestFnameEmpty#fnameEmpty</h3><table class="result"><tr class="param"><th>Parameter #1</th><th>Parameter #2</th><th>Parameter #3</th><th>Parameter #4</th><th>Parameter #5</th><th>Parameter #6</th><th>Parameter #7</th><th>Parameter #8</th></tr><tr class="param stripe"><td>1</td><td>admin</td><td>admin</td><td> </td><td>shaik</td><td>HQ - CA, USA</td><td>Y</td><td>null</td></tr><tr><th colspan="8">Exception</th></tr><tr><td colspan="8"><div class="stacktrace">org.openqa.selenium.NoSuchElementException: Unable to locate element: {&quot;method&quot;:&quot;xpath&quot;,&quot;selector&quot;:&quot;//*[@id=&apos;menu_admin_viewAdminModule&apos;]/b&quot;}
Command duration or timeout: 65 milliseconds
For documentation on this error, please visit: http://seleniumhq.org/exceptions/no_such_element.html
Build info: version: &apos;2.53.0&apos;, revision: &apos;35ae25b&apos;, time: &apos;2016-03-15 16:57:40&apos;
System info: host: &apos;rafi-PC&apos;, ip: &apos;192.168.1.2&apos;, os.name: &apos;Windows 7&apos;, os.arch: &apos;amd64&apos;, os.version: &apos;6.1&apos;, java.version: &apos;1.7.0_79&apos;
*** Element info: {Using=xpath, value=//*[@id=&apos;menu_admin_viewAdminModule&apos;]/b}
Session ID: e1213a2b-70f2-4454-a352-e4f9500dfbf5
Driver info: org.openqa.selenium.firefox.FirefoxDriver
Capabilities [{platform=WINDOWS, acceptSslCerts=true, javascriptEnabled=true, cssSelectorsEnabled=true, databaseEnabled=true, browserName=firefox, handlesAlerts=true, nativeEvents=false, webStorageEnabled=true, rotatable=false, locationContextEnabled=true, applicationCacheEnabled=true, takesScreenshot=true, version=46.0.1}]
	at org.openqa.selenium.remote.ErrorHandler.createThrowable(ErrorHandler.java:206)
	at org.openqa.selenium.remote.ErrorHandler.throwIfResponseFailed(ErrorHandler.java:158)
	at org.openqa.selenium.remote.RemoteWebDriver.execute(RemoteWebDriver.java:678)
	at org.openqa.selenium.remote.RemoteWebDriver.findElement(RemoteWebDriver.java:363)
	at org.openqa.selenium.remote.RemoteWebDriver.findElementByXPath(RemoteWebDriver.java:500)
	at org.openqa.selenium.By$ByXPath.findElement(By.java:361)
	at org.openqa.selenium.remote.RemoteWebDriver.findElement(RemoteWebDriver.java:355)
	at com.ablelogix.ddf.webdriver.WebDriverInteraction.isAdminDisplayed(WebDriverInteraction.java:29)
	at com.ablelogix.ddf.testcases.addemp.TestFnameEmpty.fnameEmpty(TestFnameEmpty.java:27)
Caused by: org.openqa.selenium.NoSuchElementException: Unable to locate element: {&quot;method&quot;:&quot;xpath&quot;,&quot;selector&quot;:&quot;//*[@id=&apos;menu_admin_viewAdminModule&apos;]/b&quot;}
For documentation on this error, please visit: http://seleniumhq.org/exceptions/no_such_element.html
Build info: version: &apos;2.53.0&apos;, revision: &apos;35ae25b&apos;, time: &apos;2016-03-15 16:57:40&apos;
System info: host: &apos;rafi-PC&apos;, ip: &apos;192.168.1.2&apos;, os.name: &apos;Windows 7&apos;, os.arch: &apos;amd64&apos;, os.version: &apos;6.1&apos;, java.version: &apos;1.7.0_79&apos;
Driver info: driver.version: unknown
	at &lt;anonymous class&gt;.FirefoxDriver.prototype.findElementInternal_(file:///C:/Users/rafi/AppData/Local/Temp/anonymous4978245680002865379webdriver-profile/extensions/fxdriver@googlecode.com/components/driver-component.js:10770)
	at &lt;anonymous class&gt;.FirefoxDriver.prototype.findElement(file:///C:/Users/rafi/AppData/Local/Temp/anonymous4978245680002865379webdriver-profile/extensions/fxdriver@googlecode.com/components/driver-component.js:10779)
	at &lt;anonymous class&gt;.DelayedCommand.prototype.executeInternal_/h(file:///C:/Users/rafi/AppData/Local/Temp/anonymous4978245680002865379webdriver-profile/extensions/fxdriver@googlecode.com/components/command-processor.js:12661)
	at &lt;anonymous class&gt;.DelayedCommand.prototype.executeInternal_(file:///C:/Users/rafi/AppData/Local/Temp/anonymous4978245680002865379webdriver-profile/extensions/fxdriver@googlecode.com/components/command-processor.js:12666)
	at &lt;anonymous class&gt;.DelayedCommand.prototype.execute/&lt;(file:///C:/Users/rafi/AppData/Local/Temp/anonymous4978245680002865379webdriver-profile/extensions/fxdriver@googlecode.com/components/command-processor.js:12608)
... Removed 28 stack frames</div></td></tr></table><p class="totop"><a href="#summary">back to summary</a></p><h3 id="m1">com.ablelogix.ddf.testcases.addemp.TestFnameEmpty#fnameEmpty</h3><table class="result"><tr class="param"><th>Parameter #1</th><th>Parameter #2</th><th>Parameter #3</th><th>Parameter #4</th><th>Parameter #5</th><th>Parameter #6</th><th>Parameter #7</th><th>Parameter #8</th></tr><tr class="param stripe"><td>3</td><td>admin</td><td>admin</td><td>rafi</td><td>shaik</td><td>-- Select --</td><td>Y</td><td>null</td></tr><tr><th colspan="8">Exception</th></tr><tr><td colspan="8"><div class="stacktrace">org.openqa.selenium.NoSuchElementException: Unable to locate element: {&quot;method&quot;:&quot;xpath&quot;,&quot;selector&quot;:&quot;//*[@id=&apos;txtUsername&apos;]&quot;}
Command duration or timeout: 75 milliseconds
For documentation on this error, please visit: http://seleniumhq.org/exceptions/no_such_element.html
Build info: version: &apos;2.53.0&apos;, revision: &apos;35ae25b&apos;, time: &apos;2016-03-15 16:57:40&apos;
System info: host: &apos;rafi-PC&apos;, ip: &apos;192.168.1.2&apos;, os.name: &apos;Windows 7&apos;, os.arch: &apos;amd64&apos;, os.version: &apos;6.1&apos;, java.version: &apos;1.7.0_79&apos;
*** Element info: {Using=xpath, value=//*[@id=&apos;txtUsername&apos;]}
Session ID: c1d266bc-ae56-4417-94cb-d834998686cb
Driver info: org.openqa.selenium.firefox.FirefoxDriver
Capabilities [{platform=WINDOWS, acceptSslCerts=true, javascriptEnabled=true, cssSelectorsEnabled=true, databaseEnabled=true, browserName=firefox, handlesAlerts=true, nativeEvents=false, webStorageEnabled=true, rotatable=false, locationContextEnabled=true, applicationCacheEnabled=true, takesScreenshot=true, version=46.0.1}]
	at org.openqa.selenium.remote.ErrorHandler.createThrowable(ErrorHandler.java:206)
	at org.openqa.selenium.remote.ErrorHandler.throwIfResponseFailed(ErrorHandler.java:158)
	at org.openqa.selenium.remote.RemoteWebDriver.execute(RemoteWebDriver.java:678)
	at org.openqa.selenium.remote.RemoteWebDriver.findElement(RemoteWebDriver.java:363)
	at org.openqa.selenium.remote.RemoteWebDriver.findElementByXPath(RemoteWebDriver.java:500)
	at org.openqa.selenium.By$ByXPath.findElement(By.java:361)
	at org.openqa.selenium.remote.RemoteWebDriver.findElement(RemoteWebDriver.java:355)
	at com.ablelogix.ddf.webdriver.WebDriverInteraction.doLogin(WebDriverInteraction.java:58)
	at com.ablelogix.ddf.testcases.addemp.TestFnameEmpty.fnameEmpty(TestFnameEmpty.java:24)
Caused by: org.openqa.selenium.NoSuchElementException: Unable to locate element: {&quot;method&quot;:&quot;xpath&quot;,&quot;selector&quot;:&quot;//*[@id=&apos;txtUsername&apos;]&quot;}
For documentation on this error, please visit: http://seleniumhq.org/exceptions/no_such_element.html
Build info: version: &apos;2.53.0&apos;, revision: &apos;35ae25b&apos;, time: &apos;2016-03-15 16:57:40&apos;
System info: host: &apos;rafi-PC&apos;, ip: &apos;192.168.1.2&apos;, os.name: &apos;Windows 7&apos;, os.arch: &apos;amd64&apos;, os.version: &apos;6.1&apos;, java.version: &apos;1.7.0_79&apos;
Driver info: driver.version: unknown
	at &lt;anonymous class&gt;.FirefoxDriver.prototype.findElementInternal_(file:///C:/Users/rafi/AppData/Local/Temp/anonymous2013347685104742341webdriver-profile/extensions/fxdriver@googlecode.com/components/driver-component.js:10770)
	at &lt;anonymous class&gt;.FirefoxDriver.prototype.findElement(file:///C:/Users/rafi/AppData/Local/Temp/anonymous2013347685104742341webdriver-profile/extensions/fxdriver@googlecode.com/components/driver-component.js:10779)
	at &lt;anonymous class&gt;.DelayedCommand.prototype.executeInternal_/h(file:///C:/Users/rafi/AppData/Local/Temp/anonymous2013347685104742341webdriver-profile/extensions/fxdriver@googlecode.com/components/command-processor.js:12661)
	at &lt;anonymous class&gt;.DelayedCommand.prototype.executeInternal_(file:///C:/Users/rafi/AppData/Local/Temp/anonymous2013347685104742341webdriver-profile/extensions/fxdriver@googlecode.com/components/command-processor.js:12666)
	at &lt;anonymous class&gt;.DelayedCommand.prototype.execute/&lt;(file:///C:/Users/rafi/AppData/Local/Temp/anonymous2013347685104742341webdriver-profile/extensions/fxdriver@googlecode.com/components/command-processor.js:12608)
... Removed 28 stack frames</div></td></tr></table><p class="totop"><a href="#summary">back to summary</a></p><h3 id="m2">com.ablelogix.ddf.testcases.addemp.TestFnameEmpty#fnameEmpty</h3><table class="result"><tr class="param"><th>Parameter #1</th><th>Parameter #2</th><th>Parameter #3</th><th>Parameter #4</th><th>Parameter #5</th><th>Parameter #6</th><th>Parameter #7</th><th>Parameter #8</th></tr><tr class="param stripe"><td>2</td><td>admin</td><td>admin</td><td>rafi</td><td>  </td><td>HQ - CA, USA</td><td>Y</td><td>null</td></tr><tr><th colspan="8">Exception</th></tr><tr><td colspan="8"><div class="stacktrace">org.openqa.selenium.NoSuchElementException: Unable to locate element: {&quot;method&quot;:&quot;xpath&quot;,&quot;selector&quot;:&quot;//*[@id=&apos;menu_admin_viewAdminModule&apos;]/b&quot;}
Command duration or timeout: 64 milliseconds
For documentation on this error, please visit: http://seleniumhq.org/exceptions/no_such_element.html
Build info: version: &apos;2.53.0&apos;, revision: &apos;35ae25b&apos;, time: &apos;2016-03-15 16:57:40&apos;
System info: host: &apos;rafi-PC&apos;, ip: &apos;192.168.1.2&apos;, os.name: &apos;Windows 7&apos;, os.arch: &apos;amd64&apos;, os.version: &apos;6.1&apos;, java.version: &apos;1.7.0_79&apos;
*** Element info: {Using=xpath, value=//*[@id=&apos;menu_admin_viewAdminModule&apos;]/b}
Session ID: a2fd1691-563c-4824-aa4a-e9a6734681c8
Driver info: org.openqa.selenium.firefox.FirefoxDriver
Capabilities [{platform=WINDOWS, acceptSslCerts=true, javascriptEnabled=true, cssSelectorsEnabled=true, databaseEnabled=true, browserName=firefox, handlesAlerts=true, nativeEvents=false, webStorageEnabled=true, rotatable=false, locationContextEnabled=true, applicationCacheEnabled=true, takesScreenshot=true, version=46.0.1}]
	at org.openqa.selenium.remote.ErrorHandler.createThrowable(ErrorHandler.java:206)
	at org.openqa.selenium.remote.ErrorHandler.throwIfResponseFailed(ErrorHandler.java:158)
	at org.openqa.selenium.remote.RemoteWebDriver.execute(RemoteWebDriver.java:678)
	at org.openqa.selenium.remote.RemoteWebDriver.findElement(RemoteWebDriver.java:363)
	at org.openqa.selenium.remote.RemoteWebDriver.findElementByXPath(RemoteWebDriver.java:500)
	at org.openqa.selenium.By$ByXPath.findElement(By.java:361)
	at org.openqa.selenium.remote.RemoteWebDriver.findElement(RemoteWebDriver.java:355)
	at com.ablelogix.ddf.webdriver.WebDriverInteraction.isAdminDisplayed(WebDriverInteraction.java:29)
	at com.ablelogix.ddf.testcases.addemp.TestFnameEmpty.fnameEmpty(TestFnameEmpty.java:27)
Caused by: org.openqa.selenium.NoSuchElementException: Unable to locate element: {&quot;method&quot;:&quot;xpath&quot;,&quot;selector&quot;:&quot;//*[@id=&apos;menu_admin_viewAdminModule&apos;]/b&quot;}
For documentation on this error, please visit: http://seleniumhq.org/exceptions/no_such_element.html
Build info: version: &apos;2.53.0&apos;, revision: &apos;35ae25b&apos;, time: &apos;2016-03-15 16:57:40&apos;
System info: host: &apos;rafi-PC&apos;, ip: &apos;192.168.1.2&apos;, os.name: &apos;Windows 7&apos;, os.arch: &apos;amd64&apos;, os.version: &apos;6.1&apos;, java.version: &apos;1.7.0_79&apos;
Driver info: driver.version: unknown
	at &lt;anonymous class&gt;.FirefoxDriver.prototype.findElementInternal_(file:///C:/Users/rafi/AppData/Local/Temp/anonymous8289690496278044906webdriver-profile/extensions/fxdriver@googlecode.com/components/driver-component.js:10770)
	at &lt;anonymous class&gt;.FirefoxDriver.prototype.findElement(file:///C:/Users/rafi/AppData/Local/Temp/anonymous8289690496278044906webdriver-profile/extensions/fxdriver@googlecode.com/components/driver-component.js:10779)
	at &lt;anonymous class&gt;.DelayedCommand.prototype.executeInternal_/h(file:///C:/Users/rafi/AppData/Local/Temp/anonymous8289690496278044906webdriver-profile/extensions/fxdriver@googlecode.com/components/command-processor.js:12661)
	at &lt;anonymous class&gt;.DelayedCommand.prototype.executeInternal_(file:///C:/Users/rafi/AppData/Local/Temp/anonymous8289690496278044906webdriver-profile/extensions/fxdriver@googlecode.com/components/command-processor.js:12666)
	at &lt;anonymous class&gt;.DelayedCommand.prototype.execute/&lt;(file:///C:/Users/rafi/AppData/Local/Temp/anonymous8289690496278044906webdriver-profile/extensions/fxdriver@googlecode.com/components/command-processor.js:12608)
... Removed 28 stack frames</div></td></tr></table><p class="totop"><a href="#summary">back to summary</a></p><h2>LoginSuiteAdmin</h2><h3 id="m3">com.ablelogix.ddf.testcases.login.LoginSuiteAdmin#testLoginAdmin</h3><table class="result"><tr class="param"><th>Parameter #1</th><th>Parameter #2</th><th>Parameter #3</th><th>Parameter #4</th><th>Parameter #5</th><th>Parameter #6</th></tr><tr class="param stripe"><td>4</td><td>admin</td><td>admin</td><td>Welcome Admin</td><td>Y</td><td>Passed TestData</td></tr><tr><th colspan="6">Exception</th></tr><tr><td colspan="6"><div class="stacktrace">java.lang.NullPointerException
	at com.ablelogix.ddf.testcases.login.LoginSuiteAdmin.testLoginAdmin(LoginSuiteAdmin.java:106)
... Removed 24 stack frames</div></td></tr></table><p class="totop"><a href="#summary">back to summary</a></p><h3 id="m4">com.ablelogix.ddf.testcases.login.LoginSuiteAdmin#testLoginAdmin</h3><table class="result"><tr class="param"><th>Parameter #1</th><th>Parameter #2</th><th>Parameter #3</th><th>Parameter #4</th><th>Parameter #5</th><th>Parameter #6</th></tr><tr class="param stripe"><td>2</td><td>admin</td><td>admin</td><td>Welcome Admin</td><td>Y</td><td>Passed TestData</td></tr><tr><th colspan="6">Exception</th></tr><tr><td colspan="6"><div class="stacktrace">java.lang.NullPointerException
	at com.ablelogix.ddf.testcases.login.LoginSuiteAdmin.testLoginAdmin(LoginSuiteAdmin.java:106)
... Removed 24 stack frames</div></td></tr></table><p class="totop"><a href="#summary">back to summary</a></p><h3 id="m5">com.ablelogix.ddf.testcases.login.LoginSuiteAdmin#testLoginAdmin</h3><table class="result"><tr class="param"><th>Parameter #1</th><th>Parameter #2</th><th>Parameter #3</th><th>Parameter #4</th><th>Parameter #5</th><th>Parameter #6</th></tr><tr class="param stripe"><td>3</td><td>admin</td><td>admin</td><td>Welcome Admin</td><td>Y</td><td>Passed TestData</td></tr><tr><th colspan="6">Exception</th></tr><tr><td colspan="6"><div class="stacktrace">java.lang.NullPointerException
	at com.ablelogix.ddf.testcases.login.LoginSuiteAdmin.testLoginAdmin(LoginSuiteAdmin.java:106)
... Removed 24 stack frames</div></td></tr></table><p class="totop"><a href="#summary">back to summary</a></p><h3 id="m6">com.ablelogix.ddf.testcases.login.LoginSuiteAdmin#testLoginAdmin</h3><table class="result"><tr class="param"><th>Parameter #1</th><th>Parameter #2</th><th>Parameter #3</th><th>Parameter #4</th><th>Parameter #5</th><th>Parameter #6</th></tr><tr class="param stripe"><td>1</td><td>admin</td><td>admin</td><td>Welcome Admin</td><td>Y</td><td>Passed TestData</td></tr><tr><th colspan="6">Exception</th></tr><tr><td colspan="6"><div class="stacktrace">java.lang.NullPointerException
	at com.ablelogix.ddf.testcases.login.LoginSuiteAdmin.testLoginAdmin(LoginSuiteAdmin.java:106)
... Removed 24 stack frames</div></td></tr></table><p class="totop"><a href="#summary">back to summary</a></p><h2>LoginSuiteESSUser</h2><h3 id="m7">com.ablelogix.ddf.testcases.login.LoginSuiteESSUser#testLoginAdmin</h3><table class="result"><tr class="param"><th>Parameter #1</th><th>Parameter #2</th><th>Parameter #3</th><th>Parameter #4</th><th>Parameter #5</th><th>Parameter #6</th></tr><tr class="param stripe"><td>1</td><td>linda.anderson</td><td>linda.anderson</td><td>Welcome Linda</td><td>Y</td><td>Passed TestData</td></tr><tr><th colspan="6">Exception</th></tr><tr><td colspan="6"><div class="stacktrace">java.lang.NullPointerException
	at com.ablelogix.ddf.testcases.login.LoginSuiteESSUser.testLoginAdmin(LoginSuiteESSUser.java:106)
... Removed 24 stack frames</div></td></tr></table><p class="totop"><a href="#summary">back to summary</a></p><h3 id="m8">com.ablelogix.ddf.testcases.login.LoginSuiteESSUser#testLoginAdmin</h3><table class="result"><tr class="param"><th>Parameter #1</th><th>Parameter #2</th><th>Parameter #3</th><th>Parameter #4</th><th>Parameter #5</th><th>Parameter #6</th></tr><tr class="param stripe"><td>2</td><td>linda.anderson</td><td>linda.anderson</td><td>Welcome Linda</td><td>Y</td><td>Passed TestData</td></tr><tr><th colspan="6">Exception</th></tr><tr><td colspan="6"><div class="stacktrace">java.lang.NullPointerException
	at com.ablelogix.ddf.testcases.login.LoginSuiteESSUser.testLoginAdmin(LoginSuiteESSUser.java:106)
... Removed 24 stack frames</div></td></tr></table><p class="totop"><a href="#summary">back to summary</a></p></body></html>