<!DOCTYPE html>

<html>
  <head>
  <title>TestNG reports</title>

    <link type="text/css" href="testng-reports.css" rel="stylesheet" />  
    <script type="text/javascript" src="jquery-1.7.1.min.js"></script>
    <script type="text/javascript" src="testng-reports.js"></script>
    <script type="text/javascript" src="https://www.google.com/jsapi"></script>
    <script type='text/javascript'>
      google.load('visualization', '1', {packages:['table']});
      google.setOnLoadCallback(drawTable);
      var suiteTableInitFunctions = new Array();
      var suiteTableData = new Array();
    </script>
    <!--
      <script type="text/javascript" src="jquery-ui/js/jquery-ui-1.8.16.custom.min.js"></script>
     -->
  </head>

  <body>
    <div class="top-banner-root">
      <span class="top-banner-title-font">Test results</span>
      <br/>
      <span class="top-banner-font-1">3 suites, 9 failed tests</span>
    </div> <!-- top-banner-root -->
    <div class="navigator-root">
      <div class="navigator-suite-header">
        <span>All suites</span>
        <a href="#" class="collapse-all-link" title="Collapse/expand all the suites">
          <img class="collapse-all-icon" src="collapseall.gif">
          </img> <!-- collapse-all-icon -->
        </a> <!-- collapse-all-link -->
      </div> <!-- navigator-suite-header -->
      <div class="suite">
        <div class="rounded-window">
          <div class="suite-header light-rounded-window-top">
            <a href="#" class="navigator-link" panel-name="suite-AddEmpSuite">
              <span class="suite-name border-failed">AddEmpSuite</span>
            </a> <!-- navigator-link -->
          </div> <!-- suite-header light-rounded-window-top -->
          <div class="navigator-suite-content">
            <div class="suite-section-title">
              <span>Info</span>
            </div> <!-- suite-section-title -->
            <div class="suite-section-content">
              <ul>
                <li>
                  <a href="#" class="navigator-link " panel-name="test-xml-AddEmpSuite">
                    <span>E:\AbleLogix\webdrivercode\Jenkins_DDFFrameWork_JDBC\AddEmpSuite.xml</span>
                  </a> <!-- navigator-link  -->
                </li>
                <li>
                  <a href="#" class="navigator-link " panel-name="testlist-AddEmpSuite">
                    <span class="test-stats">1 test</span>
                  </a> <!-- navigator-link  -->
                </li>
                <li>
                  <a href="#" class="navigator-link " panel-name="group-AddEmpSuite">
                    <span>0 groups</span>
                  </a> <!-- navigator-link  -->
                </li>
                <li>
                  <a href="#" class="navigator-link " panel-name="times-AddEmpSuite">
                    <span>Times</span>
                  </a> <!-- navigator-link  -->
                </li>
                <li>
                  <a href="#" class="navigator-link " panel-name="reporter-AddEmpSuite">
                    <span>Reporter output</span>
                  </a> <!-- navigator-link  -->
                </li>
                <li>
                  <a href="#" class="navigator-link " panel-name="ignored-methods-AddEmpSuite">
                    <span>Ignored methods</span>
                  </a> <!-- navigator-link  -->
                </li>
                <li>
                  <a href="#" class="navigator-link " panel-name="chronological-AddEmpSuite">
                    <span>Chronological view</span>
                  </a> <!-- navigator-link  -->
                </li>
              </ul>
            </div> <!-- suite-section-content -->
            <div class="result-section">
              <div class="suite-section-title">
                <span>Results</span>
              </div> <!-- suite-section-title -->
              <div class="suite-section-content">
                <ul>
                  <li>
                    <span class="method-stats">3 methods, 3 failed,   </span>
                  </li>
                  <li>
                    <span class="method-list-title failed">Failed methods</span>
                    <span class="show-or-hide-methods failed">
                      <a href="#" panel-name="suite-AddEmpSuite" class="hide-methods failed suite-AddEmpSuite"> (hide)</a> <!-- hide-methods failed suite-AddEmpSuite -->
                      <a href="#" panel-name="suite-AddEmpSuite" class="show-methods failed suite-AddEmpSuite"> (show)</a> <!-- show-methods failed suite-AddEmpSuite -->
                    </span>
                    <div class="method-list-content failed suite-AddEmpSuite">
                      <span>
                        <img width="3%" src="failed.png"/>
                        <a href="#" class="method navigator-link" panel-name="suite-AddEmpSuite" title="com.ablelogix.ddf.testcases.addemp.TestFnameEmpty" hash-for-method="fnameEmpty(1, admin, admin,  , shaik, HQ - CA, USA, Y, null)">fnameEmpty(1, admin, admin,  , shaik, HQ - CA, USA, Y, null)</a> <!-- method navigator-link -->
                      </span>
                      <br/>
                      <span>
                        <img width="3%" src="failed.png"/>
                        <a href="#" class="method navigator-link" panel-name="suite-AddEmpSuite" title="com.ablelogix.ddf.testcases.addemp.TestFnameEmpty" hash-for-method="fnameEmpty(3, admin, admin, rafi, shaik, -- Select --, Y, null)">fnameEmpty(3, admin, admin, rafi, shaik, -- Select --, Y, null)</a> <!-- method navigator-link -->
                      </span>
                      <br/>
                      <span>
                        <img width="3%" src="failed.png"/>
                        <a href="#" class="method navigator-link" panel-name="suite-AddEmpSuite" title="com.ablelogix.ddf.testcases.addemp.TestFnameEmpty" hash-for-method="fnameEmpty(2, admin, admin, rafi,   , HQ - CA, USA, Y, null)">fnameEmpty(2, admin, admin, rafi,   , HQ - CA, USA, Y, null)</a> <!-- method navigator-link -->
                      </span>
                      <br/>
                    </div> <!-- method-list-content failed suite-AddEmpSuite -->
                  </li>
                </ul>
              </div> <!-- suite-section-content -->
            </div> <!-- result-section -->
          </div> <!-- navigator-suite-content -->
        </div> <!-- rounded-window -->
      </div> <!-- suite -->
      <div class="suite">
        <div class="rounded-window">
          <div class="suite-header light-rounded-window-top">
            <a href="#" class="navigator-link" panel-name="suite-LoginSuite">
              <span class="suite-name border-failed">LoginSuite</span>
            </a> <!-- navigator-link -->
          </div> <!-- suite-header light-rounded-window-top -->
          <div class="navigator-suite-content">
            <div class="suite-section-title">
              <span>Info</span>
            </div> <!-- suite-section-title -->
            <div class="suite-section-content">
              <ul>
                <li>
                  <a href="#" class="navigator-link " panel-name="test-xml-LoginSuite">
                    <span>E:\AbleLogix\webdrivercode\Jenkins_DDFFrameWork_JDBC\LoginSuite.xml</span>
                  </a> <!-- navigator-link  -->
                </li>
                <li>
                  <a href="#" class="navigator-link " panel-name="testlist-LoginSuite">
                    <span class="test-stats">2 tests</span>
                  </a> <!-- navigator-link  -->
                </li>
                <li>
                  <a href="#" class="navigator-link " panel-name="group-LoginSuite">
                    <span>0 groups</span>
                  </a> <!-- navigator-link  -->
                </li>
                <li>
                  <a href="#" class="navigator-link " panel-name="times-LoginSuite">
                    <span>Times</span>
                  </a> <!-- navigator-link  -->
                </li>
                <li>
                  <a href="#" class="navigator-link " panel-name="reporter-LoginSuite">
                    <span>Reporter output</span>
                  </a> <!-- navigator-link  -->
                </li>
                <li>
                  <a href="#" class="navigator-link " panel-name="ignored-methods-LoginSuite">
                    <span>Ignored methods</span>
                  </a> <!-- navigator-link  -->
                </li>
                <li>
                  <a href="#" class="navigator-link " panel-name="chronological-LoginSuite">
                    <span>Chronological view</span>
                  </a> <!-- navigator-link  -->
                </li>
              </ul>
            </div> <!-- suite-section-content -->
            <div class="result-section">
              <div class="suite-section-title">
                <span>Results</span>
              </div> <!-- suite-section-title -->
              <div class="suite-section-content">
                <ul>
                  <li>
                    <span class="method-stats">6 methods, 6 failed,   </span>
                  </li>
                  <li>
                    <span class="method-list-title failed">Failed methods</span>
                    <span class="show-or-hide-methods failed">
                      <a href="#" panel-name="suite-LoginSuite" class="hide-methods failed suite-LoginSuite"> (hide)</a> <!-- hide-methods failed suite-LoginSuite -->
                      <a href="#" panel-name="suite-LoginSuite" class="show-methods failed suite-LoginSuite"> (show)</a> <!-- show-methods failed suite-LoginSuite -->
                    </span>
                    <div class="method-list-content failed suite-LoginSuite">
                      <span>
                        <img width="3%" src="failed.png"/>
                        <a href="#" class="method navigator-link" panel-name="suite-LoginSuite" title="com.ablelogix.ddf.testcases.login.LoginSuiteAdmin" hash-for-method="testLoginAdmin(4, admin, admin, Welcome Admin, Y, Passed TestData)">testLoginAdmin(4, admin, admin, Welcome Admin, Y, Passed TestData)</a> <!-- method navigator-link -->
                      </span>
                      <br/>
                      <span>
                        <img width="3%" src="failed.png"/>
                        <a href="#" class="method navigator-link" panel-name="suite-LoginSuite" title="com.ablelogix.ddf.testcases.login.LoginSuiteAdmin" hash-for-method="testLoginAdmin(2, admin, admin, Welcome Admin, Y, Passed TestData)">testLoginAdmin(2, admin, admin, Welcome Admin, Y, Passed TestData)</a> <!-- method navigator-link -->
                      </span>
                      <br/>
                      <span>
                        <img width="3%" src="failed.png"/>
                        <a href="#" class="method navigator-link" panel-name="suite-LoginSuite" title="com.ablelogix.ddf.testcases.login.LoginSuiteAdmin" hash-for-method="testLoginAdmin(3, admin, admin, Welcome Admin, Y, Passed TestData)">testLoginAdmin(3, admin, admin, Welcome Admin, Y, Passed TestData)</a> <!-- method navigator-link -->
                      </span>
                      <br/>
                      <span>
                        <img width="3%" src="failed.png"/>
                        <a href="#" class="method navigator-link" panel-name="suite-LoginSuite" title="com.ablelogix.ddf.testcases.login.LoginSuiteAdmin" hash-for-method="testLoginAdmin(1, admin, admin, Welcome Admin, Y, Passed TestData)">testLoginAdmin(1, admin, admin, Welcome Admin, Y, Passed TestData)</a> <!-- method navigator-link -->
                      </span>
                      <br/>
                      <span>
                        <img width="3%" src="failed.png"/>
                        <a href="#" class="method navigator-link" panel-name="suite-LoginSuite" title="com.ablelogix.ddf.testcases.login.LoginSuiteESSUser" hash-for-method="testLoginAdmin(1, linda.anderson, linda.anderson, Welcome Linda, Y, Passed TestData)">testLoginAdmin(1, linda.anderson, linda.anderson, Welcome Linda, Y, Passed TestData)</a> <!-- method navigator-link -->
                      </span>
                      <br/>
                      <span>
                        <img width="3%" src="failed.png"/>
                        <a href="#" class="method navigator-link" panel-name="suite-LoginSuite" title="com.ablelogix.ddf.testcases.login.LoginSuiteESSUser" hash-for-method="testLoginAdmin(2, linda.anderson, linda.anderson, Welcome Linda, Y, Passed TestData)">testLoginAdmin(2, linda.anderson, linda.anderson, Welcome Linda, Y, Passed TestData)</a> <!-- method navigator-link -->
                      </span>
                      <br/>
                    </div> <!-- method-list-content failed suite-LoginSuite -->
                  </li>
                </ul>
              </div> <!-- suite-section-content -->
            </div> <!-- result-section -->
          </div> <!-- navigator-suite-content -->
        </div> <!-- rounded-window -->
      </div> <!-- suite -->
    </div> <!-- navigator-root -->
    <div class="wrapper">
      <div class="main-panel-root">
        <div panel-name="suite-OrangeHRM" class="panel OrangeHRM">
        </div> <!-- panel OrangeHRM -->
        <div panel-name="suite-AddEmpSuite" class="panel AddEmpSuite">
          <div class="suite-AddEmpSuite-class-failed">
            <div class="main-panel-header rounded-window-top">
              <img src="failed.png"/>
              <span class="class-name">com.ablelogix.ddf.testcases.addemp.TestFnameEmpty</span>
            </div> <!-- main-panel-header rounded-window-top -->
            <div class="main-panel-content rounded-window-bottom">
              <div class="method">
                <div class="method-content">
                  <a name="fnameEmpty(1, admin, admin,  , shaik, HQ - CA, USA, Y, null)">
                  </a> <!-- fnameEmpty(1, admin, admin,  , shaik, HQ - CA, USA, Y, null) -->
                  <span class="method-name">fnameEmpty</span>
                  <span class="parameters">(1, admin, admin,  , shaik, HQ - CA, USA, Y, null)</span>
                  <div class="stack-trace">org.openqa.selenium.NoSuchElementException: Unable to locate element: {&quot;method&quot;:&quot;xpath&quot;,&quot;selector&quot;:&quot;//*[@id=&apos;menu_admin_viewAdminModule&apos;]/b&quot;}
Command duration or timeout: 65 milliseconds
For documentation on this error, please visit: http://seleniumhq.org/exceptions/no_such_element.html
Build info: version: &apos;2.53.0&apos;, revision: &apos;35ae25b&apos;, time: &apos;2016-03-15 16:57:40&apos;
System info: host: &apos;rafi-PC&apos;, ip: &apos;192.168.1.2&apos;, os.name: &apos;Windows 7&apos;, os.arch: &apos;amd64&apos;, os.version: &apos;6.1&apos;, java.version: &apos;1.7.0_79&apos;
*** Element info: {Using=xpath, value=//*[@id=&apos;menu_admin_viewAdminModule&apos;]/b}
Session ID: e1213a2b-70f2-4454-a352-e4f9500dfbf5
Driver info: org.openqa.selenium.firefox.FirefoxDriver
Capabilities [{platform=WINDOWS, acceptSslCerts=true, javascriptEnabled=true, cssSelectorsEnabled=true, databaseEnabled=true, browserName=firefox, handlesAlerts=true, nativeEvents=false, webStorageEnabled=true, rotatable=false, locationContextEnabled=true, applicationCacheEnabled=true, takesScreenshot=true, version=46.0.1}]
	at org.openqa.selenium.remote.ErrorHandler.createThrowable(ErrorHandler.java:206)
	at org.openqa.selenium.remote.ErrorHandler.throwIfResponseFailed(ErrorHandler.java:158)
	at org.openqa.selenium.remote.RemoteWebDriver.execute(RemoteWebDriver.java:678)
	at org.openqa.selenium.remote.RemoteWebDriver.findElement(RemoteWebDriver.java:363)
	at org.openqa.selenium.remote.RemoteWebDriver.findElementByXPath(RemoteWebDriver.java:500)
	at org.openqa.selenium.By$ByXPath.findElement(By.java:361)
	at org.openqa.selenium.remote.RemoteWebDriver.findElement(RemoteWebDriver.java:355)
	at com.ablelogix.ddf.webdriver.WebDriverInteraction.isAdminDisplayed(WebDriverInteraction.java:29)
	at com.ablelogix.ddf.testcases.addemp.TestFnameEmpty.fnameEmpty(TestFnameEmpty.java:27)
Caused by: org.openqa.selenium.NoSuchElementException: Unable to locate element: {&quot;method&quot;:&quot;xpath&quot;,&quot;selector&quot;:&quot;//*[@id=&apos;menu_admin_viewAdminModule&apos;]/b&quot;}
For documentation on this error, please visit: http://seleniumhq.org/exceptions/no_such_element.html
Build info: version: &apos;2.53.0&apos;, revision: &apos;35ae25b&apos;, time: &apos;2016-03-15 16:57:40&apos;
System info: host: &apos;rafi-PC&apos;, ip: &apos;192.168.1.2&apos;, os.name: &apos;Windows 7&apos;, os.arch: &apos;amd64&apos;, os.version: &apos;6.1&apos;, java.version: &apos;1.7.0_79&apos;
Driver info: driver.version: unknown
	at &lt;anonymous class&gt;.FirefoxDriver.prototype.findElementInternal_(file:///C:/Users/rafi/AppData/Local/Temp/anonymous4978245680002865379webdriver-profile/extensions/fxdriver@googlecode.com/components/driver-component.js:10770)
	at &lt;anonymous class&gt;.FirefoxDriver.prototype.findElement(file:///C:/Users/rafi/AppData/Local/Temp/anonymous4978245680002865379webdriver-profile/extensions/fxdriver@googlecode.com/components/driver-component.js:10779)
	at &lt;anonymous class&gt;.DelayedCommand.prototype.executeInternal_/h(file:///C:/Users/rafi/AppData/Local/Temp/anonymous4978245680002865379webdriver-profile/extensions/fxdriver@googlecode.com/components/command-processor.js:12661)
	at &lt;anonymous class&gt;.DelayedCommand.prototype.executeInternal_(file:///C:/Users/rafi/AppData/Local/Temp/anonymous4978245680002865379webdriver-profile/extensions/fxdriver@googlecode.com/components/command-processor.js:12666)
	at &lt;anonymous class&gt;.DelayedCommand.prototype.execute/&lt;(file:///C:/Users/rafi/AppData/Local/Temp/anonymous4978245680002865379webdriver-profile/extensions/fxdriver@googlecode.com/components/command-processor.js:12608)
... Removed 28 stack frames
</div> <!-- stack-trace -->
                </div> <!-- method-content -->
              </div> <!-- method -->
              <div class="method">
                <div class="method-content">
                  <a name="fnameEmpty(3, admin, admin, rafi, shaik, -- Select --, Y, null)">
                  </a> <!-- fnameEmpty(3, admin, admin, rafi, shaik, - Select -, Y, null) -->
                  <span class="method-name">fnameEmpty</span>
                  <span class="parameters">(3, admin, admin, rafi, shaik, -- Select --, Y, null)</span>
                  <div class="stack-trace">org.openqa.selenium.NoSuchElementException: Unable to locate element: {&quot;method&quot;:&quot;xpath&quot;,&quot;selector&quot;:&quot;//*[@id=&apos;txtUsername&apos;]&quot;}
Command duration or timeout: 75 milliseconds
For documentation on this error, please visit: http://seleniumhq.org/exceptions/no_such_element.html
Build info: version: &apos;2.53.0&apos;, revision: &apos;35ae25b&apos;, time: &apos;2016-03-15 16:57:40&apos;
System info: host: &apos;rafi-PC&apos;, ip: &apos;192.168.1.2&apos;, os.name: &apos;Windows 7&apos;, os.arch: &apos;amd64&apos;, os.version: &apos;6.1&apos;, java.version: &apos;1.7.0_79&apos;
*** Element info: {Using=xpath, value=//*[@id=&apos;txtUsername&apos;]}
Session ID: c1d266bc-ae56-4417-94cb-d834998686cb
Driver info: org.openqa.selenium.firefox.FirefoxDriver
Capabilities [{platform=WINDOWS, acceptSslCerts=true, javascriptEnabled=true, cssSelectorsEnabled=true, databaseEnabled=true, browserName=firefox, handlesAlerts=true, nativeEvents=false, webStorageEnabled=true, rotatable=false, locationContextEnabled=true, applicationCacheEnabled=true, takesScreenshot=true, version=46.0.1}]
	at org.openqa.selenium.remote.ErrorHandler.createThrowable(ErrorHandler.java:206)
	at org.openqa.selenium.remote.ErrorHandler.throwIfResponseFailed(ErrorHandler.java:158)
	at org.openqa.selenium.remote.RemoteWebDriver.execute(RemoteWebDriver.java:678)
	at org.openqa.selenium.remote.RemoteWebDriver.findElement(RemoteWebDriver.java:363)
	at org.openqa.selenium.remote.RemoteWebDriver.findElementByXPath(RemoteWebDriver.java:500)
	at org.openqa.selenium.By$ByXPath.findElement(By.java:361)
	at org.openqa.selenium.remote.RemoteWebDriver.findElement(RemoteWebDriver.java:355)
	at com.ablelogix.ddf.webdriver.WebDriverInteraction.doLogin(WebDriverInteraction.java:58)
	at com.ablelogix.ddf.testcases.addemp.TestFnameEmpty.fnameEmpty(TestFnameEmpty.java:24)
Caused by: org.openqa.selenium.NoSuchElementException: Unable to locate element: {&quot;method&quot;:&quot;xpath&quot;,&quot;selector&quot;:&quot;//*[@id=&apos;txtUsername&apos;]&quot;}
For documentation on this error, please visit: http://seleniumhq.org/exceptions/no_such_element.html
Build info: version: &apos;2.53.0&apos;, revision: &apos;35ae25b&apos;, time: &apos;2016-03-15 16:57:40&apos;
System info: host: &apos;rafi-PC&apos;, ip: &apos;192.168.1.2&apos;, os.name: &apos;Windows 7&apos;, os.arch: &apos;amd64&apos;, os.version: &apos;6.1&apos;, java.version: &apos;1.7.0_79&apos;
Driver info: driver.version: unknown
	at &lt;anonymous class&gt;.FirefoxDriver.prototype.findElementInternal_(file:///C:/Users/rafi/AppData/Local/Temp/anonymous2013347685104742341webdriver-profile/extensions/fxdriver@googlecode.com/components/driver-component.js:10770)
	at &lt;anonymous class&gt;.FirefoxDriver.prototype.findElement(file:///C:/Users/rafi/AppData/Local/Temp/anonymous2013347685104742341webdriver-profile/extensions/fxdriver@googlecode.com/components/driver-component.js:10779)
	at &lt;anonymous class&gt;.DelayedCommand.prototype.executeInternal_/h(file:///C:/Users/rafi/AppData/Local/Temp/anonymous2013347685104742341webdriver-profile/extensions/fxdriver@googlecode.com/components/command-processor.js:12661)
	at &lt;anonymous class&gt;.DelayedCommand.prototype.executeInternal_(file:///C:/Users/rafi/AppData/Local/Temp/anonymous2013347685104742341webdriver-profile/extensions/fxdriver@googlecode.com/components/command-processor.js:12666)
	at &lt;anonymous class&gt;.DelayedCommand.prototype.execute/&lt;(file:///C:/Users/rafi/AppData/Local/Temp/anonymous2013347685104742341webdriver-profile/extensions/fxdriver@googlecode.com/components/command-processor.js:12608)
... Removed 28 stack frames
</div> <!-- stack-trace -->
                </div> <!-- method-content -->
              </div> <!-- method -->
              <div class="method">
                <div class="method-content">
                  <a name="fnameEmpty(2, admin, admin, rafi,   , HQ - CA, USA, Y, null)">
                  </a> <!-- fnameEmpty(2, admin, admin, rafi,   , HQ - CA, USA, Y, null) -->
                  <span class="method-name">fnameEmpty</span>
                  <span class="parameters">(2, admin, admin, rafi,   , HQ - CA, USA, Y, null)</span>
                  <div class="stack-trace">org.openqa.selenium.NoSuchElementException: Unable to locate element: {&quot;method&quot;:&quot;xpath&quot;,&quot;selector&quot;:&quot;//*[@id=&apos;menu_admin_viewAdminModule&apos;]/b&quot;}
Command duration or timeout: 64 milliseconds
For documentation on this error, please visit: http://seleniumhq.org/exceptions/no_such_element.html
Build info: version: &apos;2.53.0&apos;, revision: &apos;35ae25b&apos;, time: &apos;2016-03-15 16:57:40&apos;
System info: host: &apos;rafi-PC&apos;, ip: &apos;192.168.1.2&apos;, os.name: &apos;Windows 7&apos;, os.arch: &apos;amd64&apos;, os.version: &apos;6.1&apos;, java.version: &apos;1.7.0_79&apos;
*** Element info: {Using=xpath, value=//*[@id=&apos;menu_admin_viewAdminModule&apos;]/b}
Session ID: a2fd1691-563c-4824-aa4a-e9a6734681c8
Driver info: org.openqa.selenium.firefox.FirefoxDriver
Capabilities [{platform=WINDOWS, acceptSslCerts=true, javascriptEnabled=true, cssSelectorsEnabled=true, databaseEnabled=true, browserName=firefox, handlesAlerts=true, nativeEvents=false, webStorageEnabled=true, rotatable=false, locationContextEnabled=true, applicationCacheEnabled=true, takesScreenshot=true, version=46.0.1}]
	at org.openqa.selenium.remote.ErrorHandler.createThrowable(ErrorHandler.java:206)
	at org.openqa.selenium.remote.ErrorHandler.throwIfResponseFailed(ErrorHandler.java:158)
	at org.openqa.selenium.remote.RemoteWebDriver.execute(RemoteWebDriver.java:678)
	at org.openqa.selenium.remote.RemoteWebDriver.findElement(RemoteWebDriver.java:363)
	at org.openqa.selenium.remote.RemoteWebDriver.findElementByXPath(RemoteWebDriver.java:500)
	at org.openqa.selenium.By$ByXPath.findElement(By.java:361)
	at org.openqa.selenium.remote.RemoteWebDriver.findElement(RemoteWebDriver.java:355)
	at com.ablelogix.ddf.webdriver.WebDriverInteraction.isAdminDisplayed(WebDriverInteraction.java:29)
	at com.ablelogix.ddf.testcases.addemp.TestFnameEmpty.fnameEmpty(TestFnameEmpty.java:27)
Caused by: org.openqa.selenium.NoSuchElementException: Unable to locate element: {&quot;method&quot;:&quot;xpath&quot;,&quot;selector&quot;:&quot;//*[@id=&apos;menu_admin_viewAdminModule&apos;]/b&quot;}
For documentation on this error, please visit: http://seleniumhq.org/exceptions/no_such_element.html
Build info: version: &apos;2.53.0&apos;, revision: &apos;35ae25b&apos;, time: &apos;2016-03-15 16:57:40&apos;
System info: host: &apos;rafi-PC&apos;, ip: &apos;192.168.1.2&apos;, os.name: &apos;Windows 7&apos;, os.arch: &apos;amd64&apos;, os.version: &apos;6.1&apos;, java.version: &apos;1.7.0_79&apos;
Driver info: driver.version: unknown
	at &lt;anonymous class&gt;.FirefoxDriver.prototype.findElementInternal_(file:///C:/Users/rafi/AppData/Local/Temp/anonymous8289690496278044906webdriver-profile/extensions/fxdriver@googlecode.com/components/driver-component.js:10770)
	at &lt;anonymous class&gt;.FirefoxDriver.prototype.findElement(file:///C:/Users/rafi/AppData/Local/Temp/anonymous8289690496278044906webdriver-profile/extensions/fxdriver@googlecode.com/components/driver-component.js:10779)
	at &lt;anonymous class&gt;.DelayedCommand.prototype.executeInternal_/h(file:///C:/Users/rafi/AppData/Local/Temp/anonymous8289690496278044906webdriver-profile/extensions/fxdriver@googlecode.com/components/command-processor.js:12661)
	at &lt;anonymous class&gt;.DelayedCommand.prototype.executeInternal_(file:///C:/Users/rafi/AppData/Local/Temp/anonymous8289690496278044906webdriver-profile/extensions/fxdriver@googlecode.com/components/command-processor.js:12666)
	at &lt;anonymous class&gt;.DelayedCommand.prototype.execute/&lt;(file:///C:/Users/rafi/AppData/Local/Temp/anonymous8289690496278044906webdriver-profile/extensions/fxdriver@googlecode.com/components/command-processor.js:12608)
... Removed 28 stack frames
</div> <!-- stack-trace -->
                </div> <!-- method-content -->
              </div> <!-- method -->
            </div> <!-- main-panel-content rounded-window-bottom -->
          </div> <!-- suite-AddEmpSuite-class-failed -->
        </div> <!-- panel AddEmpSuite -->
        <div panel-name="suite-LoginSuite" class="panel LoginSuite">
          <div class="suite-LoginSuite-class-failed">
            <div class="main-panel-header rounded-window-top">
              <img src="failed.png"/>
              <span class="class-name">com.ablelogix.ddf.testcases.login.LoginSuiteESSUser</span>
            </div> <!-- main-panel-header rounded-window-top -->
            <div class="main-panel-content rounded-window-bottom">
              <div class="method">
                <div class="method-content">
                  <a name="testLoginAdmin(1, linda.anderson, linda.anderson, Welcome Linda, Y, Passed TestData)">
                  </a> <!-- testLoginAdmin(1, linda.anderson, linda.anderson, Welcome Linda, Y, Passed TestData) -->
                  <span class="method-name">testLoginAdmin</span>
                  <span class="parameters">(1, linda.anderson, linda.anderson, Welcome Linda, Y, Passed TestData)</span>
                  <div class="stack-trace">java.lang.NullPointerException
	at com.ablelogix.ddf.testcases.login.LoginSuiteESSUser.testLoginAdmin(LoginSuiteESSUser.java:106)
... Removed 24 stack frames
</div> <!-- stack-trace -->
                </div> <!-- method-content -->
              </div> <!-- method -->
              <div class="method">
                <div class="method-content">
                  <a name="testLoginAdmin(2, linda.anderson, linda.anderson, Welcome Linda, Y, Passed TestData)">
                  </a> <!-- testLoginAdmin(2, linda.anderson, linda.anderson, Welcome Linda, Y, Passed TestData) -->
                  <span class="method-name">testLoginAdmin</span>
                  <span class="parameters">(2, linda.anderson, linda.anderson, Welcome Linda, Y, Passed TestData)</span>
                  <div class="stack-trace">java.lang.NullPointerException
	at com.ablelogix.ddf.testcases.login.LoginSuiteESSUser.testLoginAdmin(LoginSuiteESSUser.java:106)
... Removed 24 stack frames
</div> <!-- stack-trace -->
                </div> <!-- method-content -->
              </div> <!-- method -->
            </div> <!-- main-panel-content rounded-window-bottom -->
          </div> <!-- suite-LoginSuite-class-failed -->
          <div class="suite-LoginSuite-class-failed">
            <div class="main-panel-header rounded-window-top">
              <img src="failed.png"/>
              <span class="class-name">com.ablelogix.ddf.testcases.login.LoginSuiteAdmin</span>
            </div> <!-- main-panel-header rounded-window-top -->
            <div class="main-panel-content rounded-window-bottom">
              <div class="method">
                <div class="method-content">
                  <a name="testLoginAdmin(4, admin, admin, Welcome Admin, Y, Passed TestData)">
                  </a> <!-- testLoginAdmin(4, admin, admin, Welcome Admin, Y, Passed TestData) -->
                  <span class="method-name">testLoginAdmin</span>
                  <span class="parameters">(4, admin, admin, Welcome Admin, Y, Passed TestData)</span>
                  <div class="stack-trace">java.lang.NullPointerException
	at com.ablelogix.ddf.testcases.login.LoginSuiteAdmin.testLoginAdmin(LoginSuiteAdmin.java:106)
... Removed 24 stack frames
</div> <!-- stack-trace -->
                </div> <!-- method-content -->
              </div> <!-- method -->
              <div class="method">
                <div class="method-content">
                  <a name="testLoginAdmin(2, admin, admin, Welcome Admin, Y, Passed TestData)">
                  </a> <!-- testLoginAdmin(2, admin, admin, Welcome Admin, Y, Passed TestData) -->
                  <span class="method-name">testLoginAdmin</span>
                  <span class="parameters">(2, admin, admin, Welcome Admin, Y, Passed TestData)</span>
                  <div class="stack-trace">java.lang.NullPointerException
	at com.ablelogix.ddf.testcases.login.LoginSuiteAdmin.testLoginAdmin(LoginSuiteAdmin.java:106)
... Removed 24 stack frames
</div> <!-- stack-trace -->
                </div> <!-- method-content -->
              </div> <!-- method -->
              <div class="method">
                <div class="method-content">
                  <a name="testLoginAdmin(3, admin, admin, Welcome Admin, Y, Passed TestData)">
                  </a> <!-- testLoginAdmin(3, admin, admin, Welcome Admin, Y, Passed TestData) -->
                  <span class="method-name">testLoginAdmin</span>
                  <span class="parameters">(3, admin, admin, Welcome Admin, Y, Passed TestData)</span>
                  <div class="stack-trace">java.lang.NullPointerException
	at com.ablelogix.ddf.testcases.login.LoginSuiteAdmin.testLoginAdmin(LoginSuiteAdmin.java:106)
... Removed 24 stack frames
</div> <!-- stack-trace -->
                </div> <!-- method-content -->
              </div> <!-- method -->
              <div class="method">
                <div class="method-content">
                  <a name="testLoginAdmin(1, admin, admin, Welcome Admin, Y, Passed TestData)">
                  </a> <!-- testLoginAdmin(1, admin, admin, Welcome Admin, Y, Passed TestData) -->
                  <span class="method-name">testLoginAdmin</span>
                  <span class="parameters">(1, admin, admin, Welcome Admin, Y, Passed TestData)</span>
                  <div class="stack-trace">java.lang.NullPointerException
	at com.ablelogix.ddf.testcases.login.LoginSuiteAdmin.testLoginAdmin(LoginSuiteAdmin.java:106)
... Removed 24 stack frames
</div> <!-- stack-trace -->
                </div> <!-- method-content -->
              </div> <!-- method -->
            </div> <!-- main-panel-content rounded-window-bottom -->
          </div> <!-- suite-LoginSuite-class-failed -->
        </div> <!-- panel LoginSuite -->
        <div panel-name="test-xml-OrangeHRM" class="panel">
          <div class="main-panel-header rounded-window-top">
            <span class="header-content">E:\AbleLogix\webdrivercode\Jenkins_DDFFrameWork_JDBC\testng.xml</span>
          </div> <!-- main-panel-header rounded-window-top -->
          <div class="main-panel-content rounded-window-bottom">
            <pre>
&lt;?xml version=&quot;1.0&quot; encoding=&quot;UTF-8&quot;?&gt;
&lt;!DOCTYPE suite SYSTEM &quot;http://testng.org/testng-1.0.dtd&quot;&gt;
&lt;suite name=&quot;OrangeHRM&quot;&gt;
  &lt;suite-files&gt;
    &lt;suite-file path=&quot;./LoginSuite.xml&quot;/&gt;
    &lt;suite-file path=&quot;./AddEmpSuite.xml&quot;/&gt;
  &lt;/suite-files&gt;
&lt;/suite&gt; &lt;!-- OrangeHRM --&gt;
            </pre>
          </div> <!-- main-panel-content rounded-window-bottom -->
        </div> <!-- panel -->
        <div panel-name="test-xml-AddEmpSuite" class="panel">
          <div class="main-panel-header rounded-window-top">
            <span class="header-content">E:\AbleLogix\webdrivercode\Jenkins_DDFFrameWork_JDBC\AddEmpSuite.xml</span>
          </div> <!-- main-panel-header rounded-window-top -->
          <div class="main-panel-content rounded-window-bottom">
            <pre>
&lt;?xml version=&quot;1.0&quot; encoding=&quot;UTF-8&quot;?&gt;
&lt;!DOCTYPE suite SYSTEM &quot;http://testng.org/testng-1.0.dtd&quot;&gt;
&lt;suite name=&quot;AddEmpSuite&quot;&gt;
  &lt;test name=&quot;TestFnameEmpty&quot;&gt;
    &lt;classes&gt;
      &lt;class name=&quot;com.ablelogix.ddf.testcases.addemp.TestFnameEmpty&quot;/&gt;
    &lt;/classes&gt;
  &lt;/test&gt; &lt;!-- TestFnameEmpty --&gt;
&lt;/suite&gt; &lt;!-- AddEmpSuite --&gt;
            </pre>
          </div> <!-- main-panel-content rounded-window-bottom -->
        </div> <!-- panel -->
        <div panel-name="test-xml-LoginSuite" class="panel">
          <div class="main-panel-header rounded-window-top">
            <span class="header-content">E:\AbleLogix\webdrivercode\Jenkins_DDFFrameWork_JDBC\LoginSuite.xml</span>
          </div> <!-- main-panel-header rounded-window-top -->
          <div class="main-panel-content rounded-window-bottom">
            <pre>
&lt;?xml version=&quot;1.0&quot; encoding=&quot;UTF-8&quot;?&gt;
&lt;!DOCTYPE suite SYSTEM &quot;http://testng.org/testng-1.0.dtd&quot;&gt;
&lt;suite name=&quot;LoginSuite&quot;&gt;
  &lt;test name=&quot;LoginSuiteAdmin&quot;&gt;
    &lt;classes&gt;
      &lt;class name=&quot;com.ablelogix.ddf.testcases.login.LoginSuiteAdmin&quot;/&gt;
    &lt;/classes&gt;
  &lt;/test&gt; &lt;!-- LoginSuiteAdmin --&gt;
  &lt;test name=&quot;LoginSuiteESSUser&quot;&gt;
    &lt;classes&gt;
      &lt;class name=&quot;com.ablelogix.ddf.testcases.login.LoginSuiteESSUser&quot;/&gt;
    &lt;/classes&gt;
  &lt;/test&gt; &lt;!-- LoginSuiteESSUser --&gt;
&lt;/suite&gt; &lt;!-- LoginSuite --&gt;
            </pre>
          </div> <!-- main-panel-content rounded-window-bottom -->
        </div> <!-- panel -->
        <div panel-name="testlist-OrangeHRM" class="panel">
          <div class="main-panel-header rounded-window-top">
            <span class="header-content">Tests for OrangeHRM</span>
          </div> <!-- main-panel-header rounded-window-top -->
          <div class="main-panel-content rounded-window-bottom">
            <ul>
            </ul>
          </div> <!-- main-panel-content rounded-window-bottom -->
        </div> <!-- panel -->
        <div panel-name="testlist-AddEmpSuite" class="panel">
          <div class="main-panel-header rounded-window-top">
            <span class="header-content">Tests for AddEmpSuite</span>
          </div> <!-- main-panel-header rounded-window-top -->
          <div class="main-panel-content rounded-window-bottom">
            <ul>
              <li>
                <span class="test-name">TestFnameEmpty (1 class)</span>
              </li>
            </ul>
          </div> <!-- main-panel-content rounded-window-bottom -->
        </div> <!-- panel -->
        <div panel-name="testlist-LoginSuite" class="panel">
          <div class="main-panel-header rounded-window-top">
            <span class="header-content">Tests for LoginSuite</span>
          </div> <!-- main-panel-header rounded-window-top -->
          <div class="main-panel-content rounded-window-bottom">
            <ul>
              <li>
                <span class="test-name">LoginSuiteAdmin (1 class)</span>
              </li>
              <li>
                <span class="test-name">LoginSuiteESSUser (1 class)</span>
              </li>
            </ul>
          </div> <!-- main-panel-content rounded-window-bottom -->
        </div> <!-- panel -->
        <div panel-name="group-OrangeHRM" class="panel">
          <div class="main-panel-header rounded-window-top">
            <span class="header-content">Groups for OrangeHRM</span>
          </div> <!-- main-panel-header rounded-window-top -->
          <div class="main-panel-content rounded-window-bottom">
          </div> <!-- main-panel-content rounded-window-bottom -->
        </div> <!-- panel -->
        <div panel-name="group-AddEmpSuite" class="panel">
          <div class="main-panel-header rounded-window-top">
            <span class="header-content">Groups for AddEmpSuite</span>
          </div> <!-- main-panel-header rounded-window-top -->
          <div class="main-panel-content rounded-window-bottom">
          </div> <!-- main-panel-content rounded-window-bottom -->
        </div> <!-- panel -->
        <div panel-name="group-LoginSuite" class="panel">
          <div class="main-panel-header rounded-window-top">
            <span class="header-content">Groups for LoginSuite</span>
          </div> <!-- main-panel-header rounded-window-top -->
          <div class="main-panel-content rounded-window-bottom">
          </div> <!-- main-panel-content rounded-window-bottom -->
        </div> <!-- panel -->
        <div panel-name="times-OrangeHRM" class="panel">
          <div class="main-panel-header rounded-window-top">
            <span class="header-content">Times for OrangeHRM</span>
          </div> <!-- main-panel-header rounded-window-top -->
          <div class="main-panel-content rounded-window-bottom">
            <div class="times-div">
              <script type="text/javascript">
suiteTableInitFunctions.push('tableData_OrangeHRM');
function tableData_OrangeHRM() {
var data = new google.visualization.DataTable();
data.addColumn('number', 'Number');
data.addColumn('string', 'Method');
data.addColumn('string', 'Class');
data.addColumn('number', 'Time (ms)');
data.addRows(0);
window.suiteTableData['OrangeHRM']= { tableData: data, tableDiv: 'times-div-OrangeHRM'}
return data;
}
              </script>
              <div id="times-div-OrangeHRM">
              </div> <!-- times-div-OrangeHRM -->
            </div> <!-- times-div -->
          </div> <!-- main-panel-content rounded-window-bottom -->
        </div> <!-- panel -->
        <div panel-name="times-AddEmpSuite" class="panel">
          <div class="main-panel-header rounded-window-top">
            <span class="header-content">Times for AddEmpSuite</span>
          </div> <!-- main-panel-header rounded-window-top -->
          <div class="main-panel-content rounded-window-bottom">
            <div class="times-div">
              <script type="text/javascript">
suiteTableInitFunctions.push('tableData_AddEmpSuite');
function tableData_AddEmpSuite() {
var data = new google.visualization.DataTable();
data.addColumn('number', 'Number');
data.addColumn('string', 'Method');
data.addColumn('string', 'Class');
data.addColumn('number', 'Time (ms)');
data.addRows(3);
data.setCell(0, 0, 0)
data.setCell(0, 1, 'fnameEmpty')
data.setCell(0, 2, 'com.ablelogix.ddf.testcases.addemp.TestFnameEmpty')
data.setCell(0, 3, 26342);
data.setCell(1, 0, 1)
data.setCell(1, 1, 'fnameEmpty')
data.setCell(1, 2, 'com.ablelogix.ddf.testcases.addemp.TestFnameEmpty')
data.setCell(1, 3, 25780);
data.setCell(2, 0, 2)
data.setCell(2, 1, 'fnameEmpty')
data.setCell(2, 2, 'com.ablelogix.ddf.testcases.addemp.TestFnameEmpty')
data.setCell(2, 3, 76);
window.suiteTableData['AddEmpSuite']= { tableData: data, tableDiv: 'times-div-AddEmpSuite'}
return data;
}
              </script>
              <span class="suite-total-time">Total running time: 52 seconds</span>
              <div id="times-div-AddEmpSuite">
              </div> <!-- times-div-AddEmpSuite -->
            </div> <!-- times-div -->
          </div> <!-- main-panel-content rounded-window-bottom -->
        </div> <!-- panel -->
        <div panel-name="times-LoginSuite" class="panel">
          <div class="main-panel-header rounded-window-top">
            <span class="header-content">Times for LoginSuite</span>
          </div> <!-- main-panel-header rounded-window-top -->
          <div class="main-panel-content rounded-window-bottom">
            <div class="times-div">
              <script type="text/javascript">
suiteTableInitFunctions.push('tableData_LoginSuite');
function tableData_LoginSuite() {
var data = new google.visualization.DataTable();
data.addColumn('number', 'Number');
data.addColumn('string', 'Method');
data.addColumn('string', 'Class');
data.addColumn('number', 'Time (ms)');
data.addRows(6);
data.setCell(0, 0, 0)
data.setCell(0, 1, 'testLoginAdmin')
data.setCell(0, 2, 'com.ablelogix.ddf.testcases.login.LoginSuiteAdmin')
data.setCell(0, 3, 5726);
data.setCell(1, 0, 1)
data.setCell(1, 1, 'testLoginAdmin')
data.setCell(1, 2, 'com.ablelogix.ddf.testcases.login.LoginSuiteAdmin')
data.setCell(1, 3, 4790);
data.setCell(2, 0, 2)
data.setCell(2, 1, 'testLoginAdmin')
data.setCell(2, 2, 'com.ablelogix.ddf.testcases.login.LoginSuiteAdmin')
data.setCell(2, 3, 4665);
data.setCell(3, 0, 3)
data.setCell(3, 1, 'testLoginAdmin')
data.setCell(3, 2, 'com.ablelogix.ddf.testcases.login.LoginSuiteESSUser')
data.setCell(3, 3, 4568);
data.setCell(4, 0, 4)
data.setCell(4, 1, 'testLoginAdmin')
data.setCell(4, 2, 'com.ablelogix.ddf.testcases.login.LoginSuiteAdmin')
data.setCell(4, 3, 4190);
data.setCell(5, 0, 5)
data.setCell(5, 1, 'testLoginAdmin')
data.setCell(5, 2, 'com.ablelogix.ddf.testcases.login.LoginSuiteESSUser')
data.setCell(5, 3, 4154);
window.suiteTableData['LoginSuite']= { tableData: data, tableDiv: 'times-div-LoginSuite'}
return data;
}
              </script>
              <span class="suite-total-time">Total running time: 28 seconds</span>
              <div id="times-div-LoginSuite">
              </div> <!-- times-div-LoginSuite -->
            </div> <!-- times-div -->
          </div> <!-- main-panel-content rounded-window-bottom -->
        </div> <!-- panel -->
        <div panel-name="reporter-OrangeHRM" class="panel">
          <div class="main-panel-header rounded-window-top">
            <span class="header-content">Reporter output for OrangeHRM</span>
          </div> <!-- main-panel-header rounded-window-top -->
          <div class="main-panel-content rounded-window-bottom">
          </div> <!-- main-panel-content rounded-window-bottom -->
        </div> <!-- panel -->
        <div panel-name="reporter-AddEmpSuite" class="panel">
          <div class="main-panel-header rounded-window-top">
            <span class="header-content">Reporter output for AddEmpSuite</span>
          </div> <!-- main-panel-header rounded-window-top -->
          <div class="main-panel-content rounded-window-bottom">
          </div> <!-- main-panel-content rounded-window-bottom -->
        </div> <!-- panel -->
        <div panel-name="reporter-LoginSuite" class="panel">
          <div class="main-panel-header rounded-window-top">
            <span class="header-content">Reporter output for LoginSuite</span>
          </div> <!-- main-panel-header rounded-window-top -->
          <div class="main-panel-content rounded-window-bottom">
          </div> <!-- main-panel-content rounded-window-bottom -->
        </div> <!-- panel -->
        <div panel-name="ignored-methods-OrangeHRM" class="panel">
          <div class="main-panel-header rounded-window-top">
            <span class="header-content">0 ignored methods</span>
          </div> <!-- main-panel-header rounded-window-top -->
          <div class="main-panel-content rounded-window-bottom">
          </div> <!-- main-panel-content rounded-window-bottom -->
        </div> <!-- panel -->
        <div panel-name="ignored-methods-AddEmpSuite" class="panel">
          <div class="main-panel-header rounded-window-top">
            <span class="header-content">0 ignored methods</span>
          </div> <!-- main-panel-header rounded-window-top -->
          <div class="main-panel-content rounded-window-bottom">
          </div> <!-- main-panel-content rounded-window-bottom -->
        </div> <!-- panel -->
        <div panel-name="ignored-methods-LoginSuite" class="panel">
          <div class="main-panel-header rounded-window-top">
            <span class="header-content">0 ignored methods</span>
          </div> <!-- main-panel-header rounded-window-top -->
          <div class="main-panel-content rounded-window-bottom">
          </div> <!-- main-panel-content rounded-window-bottom -->
        </div> <!-- panel -->
        <div panel-name="chronological-OrangeHRM" class="panel">
          <div class="main-panel-header rounded-window-top">
            <span class="header-content">Methods in chronological order</span>
          </div> <!-- main-panel-header rounded-window-top -->
          <div class="main-panel-content rounded-window-bottom">
          </div> <!-- main-panel-content rounded-window-bottom -->
        </div> <!-- panel -->
        <div panel-name="chronological-AddEmpSuite" class="panel">
          <div class="main-panel-header rounded-window-top">
            <span class="header-content">Methods in chronological order</span>
          </div> <!-- main-panel-header rounded-window-top -->
          <div class="main-panel-content rounded-window-bottom">
            <div class="chronological-class">
              <div class="chronological-class-name">com.ablelogix.ddf.testcases.addemp.TestFnameEmpty</div> <!-- chronological-class-name -->
              <div class="configuration-suite before">
                <span class="method-name">beforeSuite</span>
                <span class="method-start">0 ms</span>
              </div> <!-- configuration-suite before -->
              <div class="configuration-test before">
                <span class="method-name">beforeTest</span>
                <span class="method-start">158 ms</span>
              </div> <!-- configuration-test before -->
              <div class="configuration-class before">
                <span class="method-name">beforeClass</span>
                <span class="method-start">160 ms</span>
              </div> <!-- configuration-class before -->
              <div class="configuration-method before">
                <span class="method-name">beforeMethod</span>
                <span class="method-start">521 ms</span>
              </div> <!-- configuration-method before -->
              <div class="test-method">
                <img src="failed.png">
                </img>
                <span class="method-name">fnameEmpty(1, admin, admin,  , shaik, HQ - CA, USA, Y, null)</span>
                <span class="method-start">28280 ms</span>
              </div> <!-- test-method -->
              <div class="configuration-method after">
                <span class="method-name">afterMethod</span>
                <span class="method-start">54062 ms</span>
              </div> <!-- configuration-method after -->
              <div class="configuration-method before">
                <span class="method-name">beforeMethod</span>
                <span class="method-start">54097 ms</span>
              </div> <!-- configuration-method before -->
              <div class="test-method">
                <img src="failed.png">
                </img>
                <span class="method-name">fnameEmpty(2, admin, admin, rafi,   , HQ - CA, USA, Y, null)</span>
                <span class="method-start">81300 ms</span>
              </div> <!-- test-method -->
              <div class="configuration-method after">
                <span class="method-name">afterMethod</span>
                <span class="method-start">107643 ms</span>
              </div> <!-- configuration-method after -->
              <div class="configuration-method before">
                <span class="method-name">beforeMethod</span>
                <span class="method-start">107679 ms</span>
              </div> <!-- configuration-method before -->
              <div class="test-method">
                <img src="failed.png">
                </img>
                <span class="method-name">fnameEmpty(3, admin, admin, rafi, shaik, -- Select --, Y, null)</span>
                <span class="method-start">154119 ms</span>
              </div> <!-- test-method -->
              <div class="configuration-method after">
                <span class="method-name">afterMethod</span>
                <span class="method-start">154196 ms</span>
              </div> <!-- configuration-method after -->
              <div class="configuration-class after">
                <span class="method-name">afterClass</span>
                <span class="method-start">154228 ms</span>
              </div> <!-- configuration-class after -->
              <div class="configuration-test after">
                <span class="method-name">afterTest</span>
                <span class="method-start">154229 ms</span>
              </div> <!-- configuration-test after -->
          </div> <!-- main-panel-content rounded-window-bottom -->
        </div> <!-- panel -->
        <div panel-name="chronological-LoginSuite" class="panel">
          <div class="main-panel-header rounded-window-top">
            <span class="header-content">Methods in chronological order</span>
          </div> <!-- main-panel-header rounded-window-top -->
          <div class="main-panel-content rounded-window-bottom">
            <div class="chronological-class">
              <div class="chronological-class-name">com.ablelogix.ddf.testcases.login.LoginSuiteESSUser</div> <!-- chronological-class-name -->
              <div class="configuration-suite before">
                <span class="method-name">beforeSuite</span>
                <span class="method-start">0 ms</span>
              </div> <!-- configuration-suite before -->
            </div> <!-- chronological-class -->
            <div class="chronological-class">
              <div class="chronological-class-name">com.ablelogix.ddf.testcases.login.LoginSuiteAdmin</div> <!-- chronological-class-name -->
              <div class="configuration-test before">
                <span class="method-name">initSetup</span>
                <span class="method-start">5267 ms</span>
              </div> <!-- configuration-test before -->
              <div class="configuration-class before">
                <span class="method-name">init</span>
                <span class="method-start">5835 ms</span>
              </div> <!-- configuration-class before -->
              <div class="configuration-method before">
                <span class="method-name">beforeMethod</span>
                <span class="method-start">6227 ms</span>
              </div> <!-- configuration-method before -->
              <div class="test-method">
                <img src="failed.png">
                </img>
                <span class="method-name">testLoginAdmin(1, admin, admin, Welcome Admin, Y, Passed TestData)</span>
                <span class="method-start">75873 ms</span>
              </div> <!-- test-method -->
              <div class="configuration-method after">
                <span class="method-name">afterMethod</span>
                <span class="method-start">81636 ms</span>
              </div> <!-- configuration-method after -->
              <div class="configuration-method before">
                <span class="method-name">beforeMethod</span>
                <span class="method-start">81778 ms</span>
              </div> <!-- configuration-method before -->
              <div class="test-method">
                <img src="failed.png">
                </img>
                <span class="method-name">testLoginAdmin(2, admin, admin, Welcome Admin, Y, Passed TestData)</span>
                <span class="method-start">115905 ms</span>
              </div> <!-- test-method -->
              <div class="configuration-method after">
                <span class="method-name">afterMethod</span>
                <span class="method-start">120096 ms</span>
              </div> <!-- configuration-method after -->
              <div class="configuration-method before">
                <span class="method-name">beforeMethod</span>
                <span class="method-start">120210 ms</span>
              </div> <!-- configuration-method before -->
              <div class="test-method">
                <img src="failed.png">
                </img>
                <span class="method-name">testLoginAdmin(3, admin, admin, Welcome Admin, Y, Passed TestData)</span>
                <span class="method-start">145165 ms</span>
              </div> <!-- test-method -->
              <div class="configuration-method after">
                <span class="method-name">afterMethod</span>
                <span class="method-start">149956 ms</span>
              </div> <!-- configuration-method after -->
              <div class="configuration-method before">
                <span class="method-name">beforeMethod</span>
                <span class="method-start">150008 ms</span>
              </div> <!-- configuration-method before -->
              <div class="test-method">
                <img src="failed.png">
                </img>
                <span class="method-name">testLoginAdmin(4, admin, admin, Welcome Admin, Y, Passed TestData)</span>
                <span class="method-start">177627 ms</span>
              </div> <!-- test-method -->
              <div class="configuration-method after">
                <span class="method-name">afterMethod</span>
                <span class="method-start">182293 ms</span>
              </div> <!-- configuration-method after -->
              <div class="configuration-test after">
                <span class="method-name">closeBrowser</span>
                <span class="method-start">182379 ms</span>
              </div> <!-- configuration-test after -->
            </div> <!-- chronological-class -->
            <div class="chronological-class">
              <div class="chronological-class-name">com.ablelogix.ddf.testcases.login.LoginSuiteESSUser</div> <!-- chronological-class-name -->
              <div class="configuration-test before">
                <span class="method-name">initSetup</span>
                <span class="method-start">182481 ms</span>
              </div> <!-- configuration-test before -->
              <div class="configuration-class before">
                <span class="method-name">init</span>
                <span class="method-start">183076 ms</span>
              </div> <!-- configuration-class before -->
              <div class="configuration-method before">
                <span class="method-name">beforeMethod</span>
                <span class="method-start">183357 ms</span>
              </div> <!-- configuration-method before -->
              <div class="test-method">
                <img src="failed.png">
                </img>
                <span class="method-name">testLoginAdmin(1, linda.anderson, linda.anderson, Welcome Linda, Y, Passed TestData)</span>
                <span class="method-start">211192 ms</span>
              </div> <!-- test-method -->
              <div class="configuration-method after">
                <span class="method-name">afterMethod</span>
                <span class="method-start">215761 ms</span>
              </div> <!-- configuration-method after -->
              <div class="configuration-method before">
                <span class="method-name">beforeMethod</span>
                <span class="method-start">215873 ms</span>
              </div> <!-- configuration-method before -->
              <div class="test-method">
                <img src="failed.png">
                </img>
                <span class="method-name">testLoginAdmin(2, linda.anderson, linda.anderson, Welcome Linda, Y, Passed TestData)</span>
                <span class="method-start">245351 ms</span>
              </div> <!-- test-method -->
              <div class="configuration-method after">
                <span class="method-name">afterMethod</span>
                <span class="method-start">249506 ms</span>
              </div> <!-- configuration-method after -->
              <div class="configuration-test after">
                <span class="method-name">closeBrowser</span>
                <span class="method-start">249622 ms</span>
              </div> <!-- configuration-test after -->
          </div> <!-- main-panel-content rounded-window-bottom -->
        </div> <!-- panel -->
      </div> <!-- main-panel-root -->
    </div> <!-- wrapper -->
  </body>
</html>
